#
# There is insufficient memory for the Java Runtime Environment to continue.
# Native memory allocation (mmap) failed to map 266338304 bytes for G1 virtual space
# Possible reasons:
#   The system is out of physical RAM or swap space
#   The process is running with CompressedOops enabled, and the Java Heap may be blocking the growth of the native heap
# Possible solutions:
#   Reduce memory load on the system
#   Increase physical memory or swap space
#   Check if swap backing store is full
#   Decrease Java heap size (-Xmx/-Xms)
#   Decrease number of Java threads
#   Decrease Java thread stack sizes (-Xss)
#   Set larger code cache with -XX:ReservedCodeCacheSize=
#   JVM is running with Zero Based Compressed Oops mode in which the Java heap is
#     placed in the first 32GB address space. The Java Heap base address is the
#     maximum limit for the native heap growth. Please use -XX:HeapBaseMinAddress
#     to set the Java Heap base and to place the Java Heap above 32GB virtual address.
# This output file may be truncated or incomplete.
#
#  Out of Memory Error (os_windows.cpp:3769), pid=5288, tid=9616
#
# JRE version:  (17.0.6) (build )
# Java VM: OpenJDK 64-Bit Server VM (17.0.6+0-b2043.56-10027231, mixed mode, sharing, tiered, compressed oops, compressed class ptrs, g1 gc, windows-amd64)
# No core dump will be written. Minidumps are not enabled by default on client versions of Windows
#

---------------  S U M M A R Y ------------

Command Line: org.jetbrains.kotlin.cli.jvm.K2JVMCompiler @C:\Users\vovsa\AndroidStudioProjects\Lab43\app\build\20231208_8924089592044105158.compiler.options

Host: Intel(R) Core(TM) i5-9300H CPU @ 2.40GHz, 8 cores, 15G,  Windows 10 , 64 bit Build 19041 (10.0.19041.3636)
Time: Fri Dec  8 20:47:43 2023  Windows 10 , 64 bit Build 19041 (10.0.19041.3636) elapsed time: 0.019212 seconds (0d 0h 0m 0s)

---------------  T H R E A D  ---------------

Current thread (0x000002a56f65d230):  JavaThread "Unknown thread" [_thread_in_vm, id=9616, stack(0x000000e2ec800000,0x000000e2ec900000)]

Stack: [0x000000e2ec800000,0x000000e2ec900000]
Native frames: (J=compiled Java code, j=interpreted, Vv=VM code, C=native code)
V  [jvm.dll+0x683c9a]
V  [jvm.dll+0x8427a4]
V  [jvm.dll+0x843f9e]
V  [jvm.dll+0x844603]
V  [jvm.dll+0x249b75]
V  [jvm.dll+0x680b69]
V  [jvm.dll+0x67505a]
V  [jvm.dll+0x309acb]
V  [jvm.dll+0x310f86]
V  [jvm.dll+0x3608ee]
V  [jvm.dll+0x360b1f]
V  [jvm.dll+0x2dfbf8]
V  [jvm.dll+0x2e0b64]
V  [jvm.dll+0x814091]
V  [jvm.dll+0x36e6a1]
V  [jvm.dll+0x7f35cc]
V  [jvm.dll+0x3f0e8f]
V  [jvm.dll+0x3f29d1]
C  [jli.dll+0x526b]
C  [ucrtbase.dll+0x21bb2]
C  [KERNEL32.DLL+0x17344]
C  [ntdll.dll+0x526b1]


---------------  P R O C E S S  ---------------

Threads class SMR info:
_java_thread_list=0x00007ffdec1fc058, length=0, elements={
}

Java Threads: ( => current thread )

Other Threads:
  0x000002a5716df690 GCTaskThread "GC Thread#0" [stack: 0x000000e2ec900000,0x000000e2eca00000] [id=10660]
  0x000002a5716f0350 ConcurrentGCThread "G1 Main Marker" [stack: 0x000000e2eca00000,0x000000e2ecb00000] [id=2812]
  0x000002a5716f0d60 ConcurrentGCThread "G1 Conc#0" [stack: 0x000000e2ecb00000,0x000000e2ecc00000] [id=12744]

[error occurred during error reporting (printing all threads), id 0xc0000005, EXCEPTION_ACCESS_VIOLATION (0xc0000005) at pc=0x00007ffdeb9b0797]

VM state: not at safepoint (not fully initialized)

VM Mutex/Monitor currently owned by a thread:  ([mutex/lock_event])
[0x000002a57166e530] Heap_lock - owner thread: 0x000002a56f65d230

Heap address: 0x0000000702800000, size: 4056 MB, Compressed Oops mode: Zero based, Oop shift amount: 3

CDS archive(s) mapped at: [0x0000000000000000-0x0000000000000000-0x0000000000000000), size 0, SharedBaseAddress: 0x0000000800000000, ArchiveRelocationMode: 0.
Narrow klass base: 0x0000000000000000, Narrow klass shift: 0, Narrow klass range: 0x0

GC Precious Log:
<Empty>

Heap:
 garbage-first heap   total 0K, used 0K [0x0000000702800000, 0x0000000800000000)
  region size 2048K, 0 young (0K), 0 survivors (0K)

[error occurred during error reporting (printing heap information), id 0xc0000005, EXCEPTION_ACCESS_VIOLATION (0xc0000005) at pc=0x00007ffdebd9da89]

GC Heap History (0 events):
No events

Dll operation events (1 events):
Event: 0.014 Loaded shared library D:\AndroidStudio\jbr\bin\java.dll

Deoptimization events (0 events):
No events

Classes unloaded (0 events):
No events

Classes redefined (0 events):
No events

Internal exceptions (0 events):
No events

VM Operations (0 events):
No events

Events (0 events):
No events


Dynamic libraries:
0x00007ff612380000 - 0x00007ff61238a000 	D:\AndroidStudio\jbr\bin\java.exe
0x00007ffe3ecf0000 - 0x00007ffe3eee8000 	C:\Windows\SYSTEM32\ntdll.dll
0x00007ffe3df20000 - 0x00007ffe3dfdd000 	C:\Windows\System32\KERNEL32.DLL
0x00007ffe3c5a0000 - 0x00007ffe3c896000 	C:\Windows\System32\KERNELBASE.dll
0x00007ffe3cbb0000 - 0x00007ffe3ccb0000 	C:\Windows\System32\ucrtbase.dll
0x00007ffe34da0000 - 0x00007ffe34dbb000 	D:\AndroidStudio\jbr\bin\VCRUNTIME140.dll
0x00007ffe27b70000 - 0x00007ffe27b87000 	D:\AndroidStudio\jbr\bin\jli.dll
0x00007ffe3d4c0000 - 0x00007ffe3d65e000 	C:\Windows\System32\USER32.dll
0x00007ffe3ca00000 - 0x00007ffe3ca22000 	C:\Windows\System32\win32u.dll
0x00007ffe28880000 - 0x00007ffe28b1a000 	C:\Windows\WinSxS\amd64_microsoft.windows.common-controls_6595b64144ccf1df_6.0.19041.3636_none_60b6a03d71f818d5\COMCTL32.dll
0x00007ffe3d660000 - 0x00007ffe3d68c000 	C:\Windows\System32\GDI32.dll
0x00007ffe3dfe0000 - 0x00007ffe3e07e000 	C:\Windows\System32\msvcrt.dll
0x00007ffe3c3d0000 - 0x00007ffe3c4ea000 	C:\Windows\System32\gdi32full.dll
0x00007ffe3ccb0000 - 0x00007ffe3cd4d000 	C:\Windows\System32\msvcp_win.dll
0x00007ffe3d430000 - 0x00007ffe3d460000 	C:\Windows\System32\IMM32.DLL
0x00007ffe27c70000 - 0x00007ffe27c7c000 	D:\AndroidStudio\jbr\bin\vcruntime140_1.dll
0x00007ffe01810000 - 0x00007ffe0189d000 	D:\AndroidStudio\jbr\bin\msvcp140.dll
0x00007ffdeb6c0000 - 0x00007ffdec32e000 	D:\AndroidStudio\jbr\bin\server\jvm.dll
0x00007ffe3cd90000 - 0x00007ffe3ce3f000 	C:\Windows\System32\ADVAPI32.dll
0x00007ffe3d690000 - 0x00007ffe3d72c000 	C:\Windows\System32\sechost.dll
0x00007ffe3d730000 - 0x00007ffe3d856000 	C:\Windows\System32\RPCRT4.dll
0x00007ffe25ab0000 - 0x00007ffe25ab9000 	C:\Windows\SYSTEM32\WSOCK32.dll
0x00007ffe2e520000 - 0x00007ffe2e547000 	C:\Windows\SYSTEM32\WINMM.dll
0x00007ffe3e7d0000 - 0x00007ffe3e83b000 	C:\Windows\System32\WS2_32.dll
0x00007ffe2ef60000 - 0x00007ffe2ef6a000 	C:\Windows\SYSTEM32\VERSION.dll
0x00007ffe3a290000 - 0x00007ffe3a2a2000 	C:\Windows\SYSTEM32\kernel.appcore.dll
0x00007ffe34d90000 - 0x00007ffe34d9a000 	D:\AndroidStudio\jbr\bin\jimage.dll
0x00007ffe2c2b0000 - 0x00007ffe2c494000 	C:\Windows\SYSTEM32\DBGHELP.DLL
0x00007ffe20530000 - 0x00007ffe20564000 	C:\Windows\SYSTEM32\dbgcore.DLL
0x00007ffe3cb20000 - 0x00007ffe3cba2000 	C:\Windows\System32\bcryptPrimitives.dll
0x00007ffe34ca0000 - 0x00007ffe34cc5000 	D:\AndroidStudio\jbr\bin\java.dll

dbghelp: loaded successfully - version: 4.0.5 - missing functions: none
symbol engine: initialized successfully - sym options: 0x614 - pdb path: .;D:\AndroidStudio\jbr\bin;C:\Windows\SYSTEM32;C:\Windows\WinSxS\amd64_microsoft.windows.common-controls_6595b64144ccf1df_6.0.19041.3636_none_60b6a03d71f818d5;D:\AndroidStudio\jbr\bin\server

VM Arguments:
java_command: org.jetbrains.kotlin.cli.jvm.K2JVMCompiler @C:\Users\vovsa\AndroidStudioProjects\Lab43\app\build\20231208_8924089592044105158.compiler.options
java_class_path (initial): C:\Users\vovsa\.gradle\caches\modules-2\files-2.1\org.jetbrains.kotlin\kotlin-compiler-embeddable\1.9.0\2c8c3a7402becca891f12739b3e9fd2dc2adbd7a\kotlin-compiler-embeddable-1.9.0.jar;C:\Users\vovsa\.gradle\caches\modules-2\files-2.1\org.jetbrains.kotlin\kotlin-stdlib\1.9.0\8ee15ef0c67dc83d874f412d84378d7f0eb50b63\kotlin-stdlib-1.9.0.jar;C:\Users\vovsa\.gradle\caches\modules-2\files-2.1\org.jetbrains.kotlin\kotlin-script-runtime\1.9.0\4b3102cbbb7e1b58d9d1adf89563f00069ffa7d1\kotlin-script-runtime-1.9.0.jar;C:\Users\vovsa\.gradle\caches\modules-2\files-2.1\org.jetbrains.kotlin\kotlin-reflect\1.6.10\1cbe9c92c12a94eea200d23c2bbaedaf3daf5132\kotlin-reflect-1.6.10.jar;C:\Users\vovsa\.gradle\caches\modules-2\files-2.1\org.jetbrains.kotlin\kotlin-daemon-embeddable\1.9.0\186543f5e28cf8d9a0290fecc2cf34301c40a65c\kotlin-daemon-embeddable-1.9.0.jar;C:\Users\vovsa\.gradle\caches\modules-2\files-2.1\org.jetbrains.intellij.deps\trove4j\1.0.20200330\3afb14d5f9ceb459d724e907a21145e8ff394f02\trove4j-1.0.20200330.jar;C:\Users\vovsa\.gradle\caches\modules-2\files-2.1\org.jetbrains.kotlin\kotlin-stdlib-common\1.9.0\cd65c21cfd1eec4d44ef09f9f52b6d9f8a720636\kotlin-stdlib-common-1.9.0.jar;C:\Users\vovsa\.gradle\caches\modules-2\files-2.1\org.jetbrains\annotations\13.0\919f0dfe192fb4e063e7dacadee7f8bb9a2672a9\annotations-13.0.jar
Launcher Type: SUN_STANDARD

[Global flags]
     intx CICompilerCount                          = 4                                         {product} {ergonomic}
     uint ConcGCThreads                            = 2                                         {product} {ergonomic}
     uint G1ConcRefinementThreads                  = 8                                         {product} {ergonomic}
   size_t G1HeapRegionSize                         = 2097152                                   {product} {ergonomic}
    uintx GCDrainStackTargetSize                   = 64                                        {product} {ergonomic}
   size_t InitialHeapSize                          = 266338304                                 {product} {ergonomic}
   size_t MarkStackSize                            = 4194304                                   {product} {ergonomic}
   size_t MaxHeapSize                              = 4253024256                                {product} {ergonomic}
   size_t MinHeapDeltaBytes                        = 2097152                                   {product} {ergonomic}
   size_t MinHeapSize                              = 8388608                                   {product} {ergonomic}
    uintx NonNMethodCodeHeapSize                   = 5839372                                {pd product} {ergonomic}
    uintx NonProfiledCodeHeapSize                  = 122909434                              {pd product} {ergonomic}
    uintx ProfiledCodeHeapSize                     = 122909434                              {pd product} {ergonomic}
    uintx ReservedCodeCacheSize                    = 251658240                              {pd product} {ergonomic}
     bool SegmentedCodeCache                       = true                                      {product} {ergonomic}
   size_t SoftMaxHeapSize                          = 4253024256                             {manageable} {ergonomic}
     bool UseCompressedClassPointers               = true                           {product lp64_product} {ergonomic}
     bool UseCompressedOops                        = true                           {product lp64_product} {ergonomic}
     bool UseG1GC                                  = true                                      {product} {ergonomic}
     bool UseLargePagesIndividualAllocation        = false                                  {pd product} {ergonomic}

Logging:
Log output configuration:
 #0: stdout all=warning uptime,level,tags
 #1: stderr all=off uptime,level,tags

Environment Variables:
PATH=C:\Program Files\NVIDIA GPU Computing Toolkit\CUDA\v10.2\bin;C:\Program Files\NVIDIA GPU Computing Toolkit\CUDA\v10.2\libnvvp;C:\Program Files\NVIDIA GPU Computing Toolkit\CUDA\v12.3\bin;C:\Program Files\NVIDIA GPU Computing Toolkit\CUDA\v12.3\libnvvp;C:\Program Files (x86)\Common Files\Oracle\Java\javapath;C:\Python311\Scripts\;C:\Python311\;C:\WinAVR-20100110\bin;C:\WinAVR-20100110\utils\bin;C:\ProgramData\Oracle\Java\javapath;C:\Windows\system32;C:\Windows;C:\Windows\System32\Wbem;C:\Windows\System32\WindowsPowerShell\v1.0\;C:\Windows\System32\OpenSSH\;d:\masm32\bin;d:\masm32\lib;d:\masm32\include;C:\Program Files\Pragma\Clients;C:\Program Files (x86)\MPICH2\bin;C:\Program Files\nodejs\;C:\ProgramData\chocolatey\bin;C:\Program Files\Git\cmd;C:\Program Files (x86)\NVIDIA Corporation\PhysX\Common;C:\Program Files\NVIDIA Corporation\NVIDIA NvDLISR;C:\Program Files\NVIDIA Corporation\Nsight Compute 2019.5.0\;C:\Users\vovsa\AppData\Local\Programs\Python\Python312\Scripts\;C:\Users\vovsa\AppData\Local\Programs\Python\Python312\;C:\Users\vovsa\AppData\Local\Microsoft\WindowsApps;C:\intelFPGA\17.0\modelsim_ase\win32aloem;C:\intelFPGA_lite\modelsim_ase\win32aloem;C:\intelFPGA_lite\17.0\modelsim_ase\win32aloem;D:\Microsoft VS Code\bin;D:\Idea\IntelliJ IDEA Community Edition 2022.2.3\bin;;D:\PyCharm\PyCharm Community Edition 2022.2.3\bin;;C:\Users\vovsa\AppData\Roaming\npm;C:\Program Files\Git\bin;;C:\Program Files\JetBrains\WebStorm 2023.1.1\bin;
USERNAME=Vlad
OS=Windows_NT
PROCESSOR_IDENTIFIER=Intel64 Family 6 Model 158 Stepping 10, GenuineIntel
TMP=C:\Users\vovsa\AppData\Local\Temp
TEMP=C:\Users\vovsa\AppData\Local\Temp


JNI global refs:

[error occurred during error reporting (JNI global references), id 0xc0000005, EXCEPTION_ACCESS_VIOLATION (0xc0000005) at pc=0x00007ffdeb777a10]


---------------  S Y S T E M  ---------------

OS:
 Windows 10 , 64 bit Build 19041 (10.0.19041.3636)
OS uptime: 0 days 9:09 hours

CPU: total 8 (initial active 8) (4 cores per cpu, 2 threads per core) family 6 model 158 stepping 10 microcode 0xb4, cx8, cmov, fxsr, ht, mmx, 3dnowpref, sse, sse2, sse3, ssse3, sse4.1, sse4.2, popcnt, lzcnt, tsc, tscinvbit, avx, avx2, aes, erms, clmul, bmi1, bmi2, adx, fma, vzeroupper, clflush, clflushopt

Memory: 4k page, system-wide physical 16221M (1811M free)
TotalPageFile size 20567M (AvailPageFile size 62M)
current process WorkingSet (physical memory assigned to process): 11M, peak: 11M
current process commit charge ("private bytes"): 60M, peak: 314M

vm_info: OpenJDK 64-Bit Server VM (17.0.6+0-b2043.56-10027231) for windows-amd64 JRE (17.0.6+0-b2043.56-10027231), built on Apr 28 2023 00:43:19 by "androidbuild" with MS VC++ 16.10 / 16.11 (VS2019)

END.
